2025-12-16 15:39:18.529593: I tensorflow/core/util/port.cc:153] oneDNN custom operations are on. You may see slightly different numerical results due to floating-point round-off errors from different computation orders. To turn them off, set the environment variable `TF_ENABLE_ONEDNN_OPTS=0`.
2025-12-16 15:39:43.277450: I tensorflow/core/util/port.cc:153] oneDNN custom operations are on. You may see slightly different numerical results due to floating-point round-off errors from different computation orders. To turn them off, set the environment variable `TF_ENABLE_ONEDNN_OPTS=0`.
2025-12-16 15:40:44.382165: I tensorflow/core/platform/cpu_feature_guard.cc:210] This TensorFlow binary is optimized to use available CPU instructions in performance-critical operations.
To enable the following instructions: SSE3 SSE4.1 SSE4.2 AVX AVX2 AVX_VNNI FMA, in other operations, rebuild TensorFlow with the appropriate compiler flags.
WARNING:absl:Compiled the loaded model, but the compiled metrics have yet to be built. `model.compile_metrics` will be empty until you train or evaluate the model.
WARNING:tensorflow:From C:\Users\yosrb\Downloads\GOEMOTION\venv\Lib\site-packages\keras\src\backend\tensorflow\core.py:232: The name tf.placeholder is deprecated. Please use tf.compat.v1.placeholder instead.

WARNING:tensorflow:From C:\Users\yosrb\Downloads\GOEMOTION\venv\Lib\site-packages\keras\src\backend\tensorflow\core.py:232: The name tf.placeholder is deprecated. Please use tf.compat.v1.placeholder instead.

Loading models...
[OK] Loaded LSTM model from models\modele_lstm_simple.h5
[OK] Loaded BiLSTM+Attention model from models\modele_bilstm_attention_final.keras
[OK] Loaded CNN-BiLSTM+Attention model from models\modele_cnn_bilstm_attention_final.keras
[OK] Loaded BERT model from models\best_bert_model_pytorch.pt
Loading tokenizer...
Computing dataset statistics...
App initialized successfully!
 * Serving Flask app 'app'
 * Debug mode: on
INFO:werkzeug:[31m[1mWARNING: This is a development server. Do not use it in a production deployment. Use a production WSGI server instead.[0m
 * Running on all addresses (0.0.0.0)
 * Running on http://127.0.0.1:5000
 * Running on http://192.168.1.8:5000
INFO:werkzeug:[33mPress CTRL+C to quit[0m
INFO:werkzeug: * Restarting with stat
2025-12-16 15:40:53.738918: I tensorflow/core/util/port.cc:153] oneDNN custom operations are on. You may see slightly different numerical results due to floating-point round-off errors from different computation orders. To turn them off, set the environment variable `TF_ENABLE_ONEDNN_OPTS=0`.
2025-12-16 15:40:59.250056: I tensorflow/core/util/port.cc:153] oneDNN custom operations are on. You may see slightly different numerical results due to floating-point round-off errors from different computation orders. To turn them off, set the environment variable `TF_ENABLE_ONEDNN_OPTS=0`.
2025-12-16 15:41:14.075832: I tensorflow/core/platform/cpu_feature_guard.cc:210] This TensorFlow binary is optimized to use available CPU instructions in performance-critical operations.
To enable the following instructions: SSE3 SSE4.1 SSE4.2 AVX AVX2 AVX_VNNI FMA, in other operations, rebuild TensorFlow with the appropriate compiler flags.
WARNING:absl:Compiled the loaded model, but the compiled metrics have yet to be built. `model.compile_metrics` will be empty until you train or evaluate the model.
WARNING:tensorflow:From C:\Users\yosrb\Downloads\GOEMOTION\venv\Lib\site-packages\keras\src\backend\tensorflow\core.py:232: The name tf.placeholder is deprecated. Please use tf.compat.v1.placeholder instead.

WARNING:tensorflow:From C:\Users\yosrb\Downloads\GOEMOTION\venv\Lib\site-packages\keras\src\backend\tensorflow\core.py:232: The name tf.placeholder is deprecated. Please use tf.compat.v1.placeholder instead.

WARNING:werkzeug: * Debugger is active!
INFO:werkzeug: * Debugger PIN: 139-024-183
INFO:werkzeug:127.0.0.1 - - [16/Dec/2025 15:41:48] "GET /model-performance HTTP/1.1" 200 -
INFO:werkzeug:127.0.0.1 - - [16/Dec/2025 15:41:50] "POST /api/evaluate-model/bert HTTP/1.1" 200 -
INFO:werkzeug:127.0.0.1 - - [16/Dec/2025 15:42:28] "POST /api/evaluate-model/bert HTTP/1.1" 200 -
Loading models...
[OK] Loaded LSTM model from models\modele_lstm_simple.h5
[OK] Loaded BiLSTM+Attention model from models\modele_bilstm_attention_final.keras
[OK] Loaded CNN-BiLSTM+Attention model from models\modele_cnn_bilstm_attention_final.keras
[OK] Loaded BERT model from models\best_bert_model_pytorch.pt
Loading tokenizer...
Computing dataset statistics...
App initialized successfully!

======================================================================
Evaluating BERT model on test data...
======================================================================
Loading pre-calculated BERT metrics from bert.txt...

BERT evaluation loaded from file!
  Hamming Loss: 0.0304
  AUC-ROC: 0.9274
  F1-Micro: 0.5519
  F1-Macro: 0.4477
======================================================================


======================================================================
Evaluating LSTM model on test data...
======================================================================

======================================================================
Evaluating BILSTM_ATTENTION model on test data...
======================================================================

======================================================================
Evaluating CNN_BILSTM_ATTENTION model on test data...
======================================================================

======================================================================
Evaluating BERT model on test data...
======================================================================
Loading pre-calculated BERT metrics from bert.txt...

BERT evaluation loaded from file!
  Hamming Loss: 0.0304
  AUC-ROC: 0.9274
  F1-Micro: 0.5519
  F1-Macro: 0.4477
======================================================================

Loaded test data: 5427 samples
Preprocessing data (for_bert=False)...
Loaded test data: 5427 samples
Preprocessing data (for_bert=False)...
Loaded test data: 5427 samples
Preprocessing data (for_bert=False)...
Preprocessed X_test shape: (5427, 70)
Running predictions with lstm...
Preprocessed X_test shape: (5427, 70)
Running predictions with bilstm_attention...
Preprocessed X_test shape: (5427, 70)
Running predictions with cnn_bilstm_attention...

[1m  1/170[0m [37m====================[0m [1m3:11[0m 1s/step
[1m  3/170[0m [37m====================[0m [1m6s[0m 39ms/step
[1m  5/170[0m [37m====================[0m [1m6s[0m 37ms/step
[1m  7/170[0m [37m====================[0m [1m5s[0m 36ms/step
[1m  9/170[0m [32m=[0m[37m===================[0m [1m5s[0m 36ms/step
[1m 10/170[0m [32m=[0m[37m===================[0m [1m6s[0m 39ms/step
[1m  1/170[0m [37m====================[0m [1m4:15[0m 2s/step
[1m 11/170[0m [32m=[0m[37m===================[0m [1m6s[0m 41ms/step
[1m 12/170[0m [32m=[0m[37m===================[0m [1m6s[0m 42ms/step
[1m  3/170[0m [37m====================[0m [1m9s[0m 54ms/step
[1m 13/170[0m [32m=[0m[37m===================[0m [1m7s[0m 45ms/step
[1m  4/170[0m [37m====================[0m [1m11s[0m 66ms/step
[1m 14/170[0m [32m=[0m[37m===================[0m [1m7s[0m 47ms/step
[1m  5/170[0m [37m====================[0m [1m12s[0m 74ms/step
[1m 15/170[0m [32m=[0m[37m===================[0m [1m8s[0m 52ms/step
[1m  6/170[0m [37m====================[0m [1m12s[0m 78ms/step
[1m 16/170[0m [32m=[0m[37m===================[0m [1m8s[0m 56ms/step
[1m  7/170[0m [37m====================[0m [1m13s[0m 80ms/step
[1m 17/170[0m [32m==[0m[37m==================[0m [1m8s[0m 59ms/step
[1m  8/170[0m [37m====================[0m [1m14s[0m 87ms/step
[1m 18/170[0m [32m==[0m[37m==================[0m [1m10s[0m 72ms/step
[1m  9/170[0m [32m=[0m[37m===================[0m [1m18s[0m 114ms/step
[1m 19/170[0m [32m==[0m[37m==================[0m [1m12s[0m 80ms/step
[1m 10/170[0m [32m=[0m[37m===================[0m [1m20s[0m 127ms/step
[1m 20/170[0m [32m==[0m[37m==================[0m [1m13s[0m 88ms/step
[1m 11/170[0m [32m=[0m[37m===================[0m [1m22s[0m 141ms/step
[1m 21/170[0m [32m==[0m[37m==================[0m [1m13s[0m 92ms/step
[1m 12/170[0m [32m=[0m[37m===================[0m [1m23s[0m 149ms/step
[1m 22/170[0m [32m==[0m[37m==================[0m [1m14s[0m 97ms/step
[1m 13/170[0m [32m=[0m[37m===================[0m [1m25s[0m 162ms/step
[1m 23/170[0m [32m==[0m[37m==================[0m [1m16s[0m 109ms/step
[1m 14/170[0m [32m=[0m[37m===================[0m [1m25s[0m 164ms/step
[1m 24/170[0m [32m==[0m[37m==================[0m [1m16s[0m 114ms/step
[1m 15/170[0m [32m=[0m[37m===================[0m [1m25s[0m 165ms/step
[1m 16/170[0m [32m=[0m[37m===================[0m [1m25s[0m 166ms/step
[1m 25/170[0m [32m==[0m[37m==================[0m [1m17s[0m 123ms/step
[1m 17/170[0m [32m==[0m[37m==================[0m [1m26s[0m 175ms/step
[1m 26/170[0m [32m===[0m[37m=================[0m [1m19s[0m 133ms/step
[1m 18/170[0m [32m==[0m[37m==================[0m [1m27s[0m 179ms/step
[1m 27/170[0m [32m===[0m[37m=================[0m [1m19s[0m 140ms/step
[1m 19/170[0m [32m==[0m[37m==================[0m [1m27s[0m 184ms/step
[1m 28/170[0m [32m===[0m[37m=================[0m [1m20s[0m 145ms/step
[1m 20/170[0m [32m==[0m[37m==================[0m [1m28s[0m 189ms/step
[1m 29/170[0m [32m===[0m[37m=================[0m [1m21s[0m 155ms/step
[1m 21/170[0m [32m==[0m[37m==================[0m [1m29s[0m 198ms/step
[1m 22/170[0m [32m==[0m[37m==================[0m [1m28s[0m 194ms/step
[1m 30/170[0m [32m===[0m[37m=================[0m [1m21s[0m 155ms/step
[1m 23/170[0m [32m==[0m[37m==================[0m [1m28s[0m 191ms/step
[1m 31/170[0m [32m===[0m[37m=================[0m [1m21s[0m 156ms/step
[1m 24/170[0m [32m==[0m[37m==================[0m [1m27s[0m 188ms/step
[1m 25/170[0m [32m==[0m[37m==================[0m [1m26s[0m 185ms/step
[1m 32/170[0m [32m===[0m[37m=================[0m [1m21s[0m 155ms/step
[1m 26/170[0m [32m===[0m[37m=================[0m [1m26s[0m 182ms/step
[1m 33/170[0m [32m===[0m[37m=================[0m [1m21s[0m 154ms/step
[1m 34/170[0m [32m====[0m[37m================[0m [1m20s[0m 154ms/step
[1m 27/170[0m [32m===[0m[37m=================[0m [1m26s[0m 182ms/step
[1m 35/170[0m [32m====[0m[37m================[0m [1m20s[0m 153ms/step
[1m 28/170[0m [32m===[0m[37m=================[0m [1m25s[0m 180ms/step
[1m 36/170[0m [32m====[0m[37m================[0m [1m20s[0m 153ms/step
[1m 29/170[0m [32m===[0m[37m=================[0m [1m25s[0m 178ms/step
[1m 30/170[0m [32m===[0m[37m=================[0m [1m24s[0m 177ms/step
[1m 37/170[0m [32m====[0m[37m================[0m [1m20s[0m 153ms/step
[1m 31/170[0m [32m===[0m[37m=================[0m [1m24s[0m 175ms/step
[1m 38/170[0m [32m====[0m[37m================[0m [1m20s[0m 153ms/step
[1m 32/170[0m [32m===[0m[37m=================[0m [1m24s[0m 175ms/step
[1m 39/170[0m [32m====[0m[37m================[0m [1m20s[0m 156ms/step
[1m 33/170[0m [32m===[0m[37m=================[0m [1m24s[0m 177ms/step
[1m 34/170[0m [32m====[0m[37m================[0m [1m24s[0m 178ms/step
[1m 40/170[0m [32m====[0m[37m================[0m [1m21s[0m 163ms/step
[1m 35/170[0m [32m====[0m[37m================[0m [1m24s[0m 182ms/step
[1m 36/170[0m [32m====[0m[37m================[0m [1m23s[0m 179ms/step
[1m 41/170[0m [32m====[0m[37m================[0m [1m21s[0m 166ms/step
[1m 38/170[0m [32m====[0m[37m================[0m [1m22s[0m 171ms/step
[1m 43/170[0m [32m=====[0m[37m===============[0m [1m20s[0m 160ms/step
[1m 40/170[0m [32m====[0m[37m================[0m [1m21s[0m 164ms/step
[1m 45/170[0m [32m=====[0m[37m===============[0m [1m19s[0m 154ms/step
[1m 42/170[0m [32m====[0m[37m================[0m [1m20s[0m 158ms/step
[1m 47/170[0m [32m=====[0m[37m===============[0m [1m18s[0m 149ms/step
[1m 44/170[0m [32m=====[0m[37m===============[0m [1m19s[0m 152ms/step
[1m 49/170[0m [32m=====[0m[37m===============[0m [1m17s[0m 145ms/step
[1m 46/170[0m [32m=====[0m[37m===============[0m [1m18s[0m 147ms/step
[1m 51/170[0m [32m======[0m[37m==============[0m [1m16s[0m 140ms/step
[1m 48/170[0m [32m=====[0m[37m===============[0m [1m17s[0m 142ms/step
[1m 53/170[0m [32m======[0m[37m==============[0m [1m15s[0m 136ms/step
[1m 50/170[0m [32m=====[0m[37m===============[0m [1m16s[0m 138ms/step
[1m 55/170[0m [32m======[0m[37m==============[0m [1m15s[0m 132ms/step
[1m 52/170[0m [32m======[0m[37m==============[0m [1m15s[0m 134ms/step
[1m 57/170[0m [32m======[0m[37m==============[0m [1m14s[0m 129ms/step
[1m 54/170[0m [32m======[0m[37m==============[0m [1m15s[0m 130ms/step
[1m 59/170[0m [32m======[0m[37m==============[0m [1m13s[0m 125ms/step
[1m 56/170[0m [32m======[0m[37m==============[0m [1m14s[0m 127ms/step
[1m 61/170[0m [32m=======[0m[37m=============[0m [1m13s[0m 123ms/step
[1m 58/170[0m [32m======[0m[37m==============[0m [1m13s[0m 123ms/step
[1m 63/170[0m [32m=======[0m[37m=============[0m [1m12s[0m 120ms/step
[1m  1/170[0m [37m====================[0m [1m24:16[0m 9s/step
[1m 60/170[0m [32m=======[0m[37m=============[0m [1m13s[0m 121ms/step
[1m 65/170[0m [32m=======[0m[37m=============[0m [1m12s[0m 117ms/step
[1m  4/170[0m [37m====================[0m [1m3s[0m 22ms/step 
[1m 62/170[0m [32m=======[0m[37m=============[0m [1m12s[0m 118ms/step
[1m 67/170[0m [32m=======[0m[37m=============[0m [1m11s[0m 115ms/step
[1m  7/170[0m [37m====================[0m [1m3s[0m 22ms/step
[1m 63/170[0m [32m=======[0m[37m=============[0m [1m12s[0m 117ms/step
[1m 68/170[0m [32m========[0m[37m============[0m [1m11s[0m 114ms/step
[1m 10/170[0m [32m=[0m[37m===================[0m [1m3s[0m 23ms/step
[1m 70/170[0m [32m========[0m[37m============[0m [1m11s[0m 112ms/step
[1m 13/170[0m [32m=[0m[37m===================[0m [1m3s[0m 23ms/step
[1m 65/170[0m [32m=======[0m[37m=============[0m [1m12s[0m 115ms/step
[1m 66/170[0m [32m=======[0m[37m=============[0m [1m11s[0m 115ms/step
[1m 16/170[0m [32m=[0m[37m===================[0m [1m3s[0m 23ms/step
[1m 72/170[0m [32m========[0m[37m============[0m [1m10s[0m 110ms/step
[1m 19/170[0m [32m==[0m[37m==================[0m [1m3s[0m 23ms/step
[1m 68/170[0m [32m========[0m[37m============[0m [1m11s[0m 112ms/step
[1m 74/170[0m [32m========[0m[37m============[0m [1m10s[0m 109ms/step
[1m 22/170[0m [32m==[0m[37m==================[0m [1m3s[0m 23ms/step
[1m 70/170[0m [32m========[0m[37m============[0m [1m11s[0m 111ms/step
[1m 76/170[0m [32m========[0m[37m============[0m [1m10s[0m 107ms/step
[1m 25/170[0m [32m==[0m[37m==================[0m [1m3s[0m 23ms/step
[1m 27/170[0m [32m===[0m[37m=================[0m [1m3s[0m 23ms/step
[1m 78/170[0m [32m=========[0m[37m===========[0m [1m9s[0m 105ms/step 
[1m 72/170[0m [32m========[0m[37m============[0m [1m10s[0m 109ms/step
[1m 30/170[0m [32m===[0m[37m=================[0m [1m3s[0m 23ms/step
[1m 73/170[0m [32m========[0m[37m============[0m [1m10s[0m 108ms/step
[1m 79/170[0m [32m=========[0m[37m===========[0m [1m9s[0m 105ms/step
[1m 33/170[0m [32m===[0m[37m=================[0m [1m3s[0m 23ms/step
[1m 80/170[0m [32m=========[0m[37m===========[0m [1m9s[0m 104ms/step
[1m 75/170[0m [32m========[0m[37m============[0m [1m10s[0m 107ms/step
[1m 81/170[0m [32m=========[0m[37m===========[0m [1m9s[0m 104ms/step
[1m 36/170[0m [32m====[0m[37m================[0m [1m3s[0m 23ms/step
[1m 39/170[0m [32m====[0m[37m================[0m [1m3s[0m 23ms/step
[1m 83/170[0m [32m=========[0m[37m===========[0m [1m8s[0m 102ms/step
[1m 77/170[0m [32m=========[0m[37m===========[0m [1m9s[0m 106ms/step 
[1m 42/170[0m [32m====[0m[37m================[0m [1m2s[0m 23ms/step
[1m 78/170[0m [32m=========[0m[37m===========[0m [1m9s[0m 105ms/step
[1m 85/170[0m [32m==========[0m[37m==========[0m [1m8s[0m 101ms/step
[1m 45/170[0m [32m=====[0m[37m===============[0m [1m2s[0m 23ms/step
[1m 79/170[0m [32m=========[0m[37m===========[0m [1m9s[0m 104ms/step
[1m 86/170[0m [32m==========[0m[37m==========[0m [1m8s[0m 100ms/step
[1m 80/170[0m [32m=========[0m[37m===========[0m [1m9s[0m 103ms/step
[1m 48/170[0m [32m=====[0m[37m===============[0m [1m2s[0m 23ms/step
[1m 88/170[0m [32m==========[0m[37m==========[0m [1m8s[0m 99ms/step 
[1m 51/170[0m [32m======[0m[37m==============[0m [1m2s[0m 23ms/step
[1m 82/170[0m [32m=========[0m[37m===========[0m [1m8s[0m 102ms/step
[1m 53/170[0m [32m======[0m[37m==============[0m [1m2s[0m 23ms/step
[1m 89/170[0m [32m==========[0m[37m==========[0m [1m7s[0m 99ms/step
[1m 83/170[0m [32m=========[0m[37m===========[0m [1m8s[0m 102ms/step
[1m 55/170[0m [32m======[0m[37m==============[0m [1m2s[0m 23ms/step
[1m 90/170[0m [32m==========[0m[37m==========[0m [1m7s[0m 98ms/step
[1m 91/170[0m [32m==========[0m[37m==========[0m [1m7s[0m 98ms/step
[1m 58/170[0m [32m======[0m[37m==============[0m [1m2s[0m 23ms/step
[1m 85/170[0m [32m==========[0m[37m==========[0m [1m8s[0m 101ms/step
[1m 61/170[0m [32m=======[0m[37m=============[0m [1m2s[0m 23ms/step
[1m 93/170[0m [32m==========[0m[37m==========[0m [1m7s[0m 96ms/step
[1m 64/170[0m [32m=======[0m[37m=============[0m [1m2s[0m 22ms/step
[1m 87/170[0m [32m==========[0m[37m==========[0m [1m8s[0m 99ms/step 
[1m 95/170[0m [32m===========[0m[37m=========[0m [1m7s[0m 95ms/step
[1m 67/170[0m [32m=======[0m[37m=============[0m [1m2s[0m 22ms/step
[1m 88/170[0m [32m==========[0m[37m==========[0m [1m8s[0m 99ms/step
[1m 70/170[0m [32m========[0m[37m============[0m [1m2s[0m 22ms/step
[1m 97/170[0m [32m===========[0m[37m=========[0m [1m6s[0m 94ms/step
[1m 90/170[0m [32m==========[0m[37m==========[0m [1m7s[0m 98ms/step
[1m 73/170[0m [32m========[0m[37m============[0m [1m2s[0m 22ms/step
[1m 98/170[0m [32m===========[0m[37m=========[0m [1m6s[0m 94ms/step
[1m 91/170[0m [32m==========[0m[37m==========[0m [1m7s[0m 97ms/step
[1m 76/170[0m [32m========[0m[37m============[0m [1m2s[0m 22ms/step
[1m100/170[0m [32m===========[0m[37m=========[0m [1m6s[0m 93ms/step
[1m 93/170[0m [32m==========[0m[37m==========[0m [1m7s[0m 96ms/step
[1m 79/170[0m [32m=========[0m[37m===========[0m [1m1s[0m 22ms/step
[1m 82/170[0m [32m=========[0m[37m===========[0m [1m1s[0m 22ms/step
[1m102/170[0m [32m============[0m[37m========[0m [1m6s[0m 92ms/step
[1m 95/170[0m [32m===========[0m[37m=========[0m [1m7s[0m 95ms/step
[1m 85/170[0m [32m==========[0m[37m==========[0m [1m1s[0m 22ms/step
[1m104/170[0m [32m============[0m[37m========[0m [1m5s[0m 91ms/step
[1m 97/170[0m [32m===========[0m[37m=========[0m [1m6s[0m 94ms/step
[1m 88/170[0m [32m==========[0m[37m==========[0m [1m1s[0m 22ms/step
[1m106/170[0m [32m============[0m[37m========[0m [1m5s[0m 90ms/step
[1m 91/170[0m [32m==========[0m[37m==========[0m [1m1s[0m 21ms/step
[1m 99/170[0m [32m===========[0m[37m=========[0m [1m6s[0m 93ms/step
[1m 94/170[0m [32m===========[0m[37m=========[0m [1m1s[0m 21ms/step
[1m108/170[0m [32m============[0m[37m========[0m [1m5s[0m 89ms/step
[1m 97/170[0m [32m===========[0m[37m=========[0m [1m1s[0m 21ms/step
[1m101/170[0m [32m===========[0m[37m=========[0m [1m6s[0m 92ms/step
[1m110/170[0m [32m============[0m[37m========[0m [1m5s[0m 88ms/step
[1m100/170[0m [32m===========[0m[37m=========[0m [1m1s[0m 21ms/step
[1m103/170[0m [32m============[0m[37m========[0m [1m6s[0m 91ms/step
[1m103/170[0m [32m============[0m[37m========[0m [1m1s[0m 21ms/step
[1m112/170[0m [32m=============[0m[37m=======[0m [1m5s[0m 87ms/step
[1m106/170[0m [32m============[0m[37m========[0m [1m1s[0m 21ms/step
[1m105/170[0m [32m============[0m[37m========[0m [1m5s[0m 90ms/step
[1m114/170[0m [32m=============[0m[37m=======[0m [1m4s[0m 86ms/step
[1m109/170[0m [32m============[0m[37m========[0m [1m1s[0m 21ms/step
[1m107/170[0m [32m============[0m[37m========[0m [1m5s[0m 89ms/step
[1m116/170[0m [32m=============[0m[37m=======[0m [1m4s[0m 85ms/step
[1m112/170[0m [32m=============[0m[37m=======[0m [1m1s[0m 21ms/step
[1m115/170[0m [32m=============[0m[37m=======[0m [1m1s[0m 21ms/step
[1m118/170[0m [32m=============[0m[37m=======[0m [1m4s[0m 84ms/step
[1m109/170[0m [32m============[0m[37m========[0m [1m5s[0m 88ms/step
[1m117/170[0m [32m=============[0m[37m=======[0m [1m1s[0m 21ms/step
[1m120/170[0m [32m==============[0m[37m======[0m [1m4s[0m 84ms/step
[1m120/170[0m [32m==============[0m[37m======[0m [1m1s[0m 21ms/step
[1m111/170[0m [32m=============[0m[37m=======[0m [1m5s[0m 87ms/step
[1m123/170[0m [32m==============[0m[37m======[0m [1m0s[0m 21ms/step
[1m122/170[0m [32m==============[0m[37m======[0m [1m3s[0m 83ms/step
[1m113/170[0m [32m=============[0m[37m=======[0m [1m4s[0m 86ms/step
[1m126/170[0m [32m==============[0m[37m======[0m [1m0s[0m 21ms/step
[1m124/170[0m [32m==============[0m[37m======[0m [1m3s[0m 82ms/step
[1m129/170[0m [32m===============[0m[37m=====[0m [1m0s[0m 21ms/step
[1m115/170[0m [32m=============[0m[37m=======[0m [1m4s[0m 86ms/step
[1m132/170[0m [32m===============[0m[37m=====[0m [1m0s[0m 21ms/step
[1m126/170[0m [32m==============[0m[37m======[0m [1m3s[0m 82ms/step
[1m117/170[0m [32m=============[0m[37m=======[0m [1m4s[0m 85ms/step
[1m135/170[0m [32m===============[0m[37m=====[0m [1m0s[0m 21ms/step
[1m128/170[0m [32m===============[0m[37m=====[0m [1m3s[0m 81ms/step
[1m138/170[0m [32m================[0m[37m====[0m [1m0s[0m 21ms/step
[1m119/170[0m [32m==============[0m[37m======[0m [1m4s[0m 84ms/step
[1m130/170[0m [32m===============[0m[37m=====[0m [1m3s[0m 80ms/step
[1m141/170[0m [32m================[0m[37m====[0m [1m0s[0m 21ms/step
[1m121/170[0m [32m==============[0m[37m======[0m [1m4s[0m 83ms/step
[1m144/170[0m [32m================[0m[37m====[0m [1m0s[0m 20ms/step
[1m132/170[0m [32m===============[0m[37m=====[0m [1m3s[0m 80ms/step
[1m123/170[0m [32m==============[0m[37m======[0m [1m3s[0m 83ms/step
[1m147/170[0m [32m=================[0m[37m===[0m [1m0s[0m 20ms/step
[1m134/170[0m [32m===============[0m[37m=====[0m [1m2s[0m 79ms/step
[1m150/170[0m [32m=================[0m[37m===[0m [1m0s[0m 21ms/step
[1m125/170[0m [32m==============[0m[37m======[0m [1m3s[0m 82ms/step
[1m136/170[0m [32m================[0m[37m====[0m [1m2s[0m 78ms/step
[1m153/170[0m [32m==================[0m[37m==[0m [1m0s[0m 20ms/step
[1m127/170[0m [32m==============[0m[37m======[0m [1m3s[0m 81ms/step
[1m156/170[0m [32m==================[0m[37m==[0m [1m0s[0m 20ms/step
[1m138/170[0m [32m================[0m[37m====[0m [1m2s[0m 78ms/step
[1m159/170[0m [32m==================[0m[37m==[0m [1m0s[0m 20ms/step
[1m129/170[0m [32m===============[0m[37m=====[0m [1m3s[0m 81ms/step
[1m140/170[0m [32m================[0m[37m====[0m [1m2s[0m 77ms/step
[1m162/170[0m [32m===================[0m[37m=[0m [1m0s[0m 20ms/step
[1m131/170[0m [32m===============[0m[37m=====[0m [1m3s[0m 80ms/step
[1m142/170[0m [32m================[0m[37m====[0m [1m2s[0m 77ms/step
[1m165/170[0m [32m===================[0m[37m=[0m [1m0s[0m 20ms/step
[1m168/170[0m [32m===================[0m[37m=[0m [1m0s[0m 20ms/step
[1m133/170[0m [32m===============[0m[37m=====[0m [1m2s[0m 80ms/step
[1m144/170[0m [32m================[0m[37m====[0m [1m1s[0m 76ms/step
[1m135/170[0m [32m===============[0m[37m=====[0m [1m2s[0m 79ms/step
[1m146/170[0m [32m=================[0m[37m===[0m [1m1s[0m 76ms/step
[1m137/170[0m [32m================[0m[37m====[0m [1m2s[0m 78ms/step
[1m148/170[0m [32m=================[0m[37m===[0m [1m1s[0m 75ms/step
[1m139/170[0m [32m================[0m[37m====[0m [1m2s[0m 78ms/step
[1m150/170[0m [32m=================[0m[37m===[0m [1m1s[0m 75ms/step
[1m141/170[0m [32m================[0m[37m====[0m [1m2s[0m 77ms/step
[1m152/170[0m [32m=================[0m[37m===[0m [1m1s[0m 74ms/step
[1m143/170[0m [32m================[0m[37m====[0m [1m2s[0m 77ms/step
[1m154/170[0m [32m==================[0m[37m==[0m [1m1s[0m 74ms/step
[1m155/170[0m [32m==================[0m[37m==[0m [1m1s[0m 74ms/step
[1m145/170[0m [32m=================[0m[37m===[0m [1m1s[0m 77ms/step
[1m157/170[0m [32m==================[0m[37m==[0m [1m0s[0m 73ms/step
[1m147/170[0m [32m=================[0m[37m===[0m [1m1s[0m 76ms/step
[1m159/170[0m [32m==================[0m[37m==[0m [1m0s[0m 73ms/step
[1m149/170[0m [32m=================[0m[37m===[0m [1m1s[0m 76ms/step
[1m161/170[0m [32m==================[0m[37m==[0m [1m0s[0m 73ms/step
[1m151/170[0m [32m=================[0m[37m===[0m [1m1s[0m 75ms/step
[1m163/170[0m [32m===================[0m[37m=[0m [1m0s[0m 72ms/step
[1m153/170[0m [32m==================[0m[37m==[0m [1m1s[0m 75ms/step
[1m165/170[0m [32m===================[0m[37m=[0m [1m0s[0m 72ms/step
[1m155/170[0m [32m==================[0m[37m==[0m [1m1s[0m 74ms/step
[1m167/170[0m [32m===================[0m[37m=[0m [1m0s[0m 71ms/step
[1m157/170[0m [32m==================[0m[37m==[0m [1m0s[0m 74ms/step
[1m168/170[0m [32m===================[0m[37m=[0m [1m0s[0m 71ms/step
[1m158/170[0m [32m==================[0m[37m==[0m [1m0s[0m 74ms/step
[1m169/170[0m [32m===================[0m[37m=[0m [1m0s[0m 71ms/step
[1m159/170[0m [32m==================[0m[37m==[0m [1m0s[0m 74ms/step
[1m161/170[0m [32m==================[0m[37m==[0m [1m0s[0m 73ms/step
[1m162/170[0m [32m===================[0m[37m=[0m [1m0s[0m 73ms/step
[1m163/170[0m [32m===================[0m[37m=[0m [1m0s[0m 73ms/step
[1m164/170[0m [32m===================[0m[37m=[0m [1m0s[0m 74ms/step
[1m165/170[0m [32m===================[0m[37m=[0m [1m0s[0m 74ms/step
[1m166/170[0m [32m===================[0m[37m=[0m [1m0s[0m 74ms/step
[1m167/170[0m [32m===================[0m[37m=[0m [1m0s[0m 74ms/step
[1m168/170[0m [32m===================[0m[37m=[0m [1m0s[0m 74ms/step
[1m169/170[0m [32m===================[0m[37m=[0m [1m0s[0m 75ms/step
[1m170/170[0m [32m====================[0m[37m[0m [1m0s[0m 79ms/step
[1m170/170[0m [32m====================[0m[37m[0m [1m14s[0m 79ms/step

[1m170/170[0m [32m====================[0m[37m[0m [1m0s[0m 36ms/step
[1m170/170[0m [32m====================[0m[37m[0m [1m15s[0m 36ms/step
Predictions complete! Shape: (5427, 28)
Predictions complete! Shape: (5427, 28)

[1m170/170[0m [32m====================[0m[37m[0m [1m0s[0m 79ms/step
[1m170/170[0m [32m====================[0m[37m[0m [1m15s[0m 79ms/step
INFO:werkzeug:127.0.0.1 - - [16/Dec/2025 15:42:46] "POST /api/evaluate-model/lstm HTTP/1.1" 200 -
INFO:werkzeug:127.0.0.1 - - [16/Dec/2025 15:42:47] "POST /api/evaluate-model/cnn_bilstm_attention HTTP/1.1" 200 -
INFO:werkzeug:127.0.0.1 - - [16/Dec/2025 15:42:47] "POST /api/evaluate-model/bilstm_attention HTTP/1.1" 200 -
INFO:werkzeug:127.0.0.1 - - [16/Dec/2025 15:43:16] "POST /api/evaluate-model/bert HTTP/1.1" 200 -
Predictions complete! Shape: (5427, 28)

Evaluation complete for lstm!
  Hamming Loss: 0.0417
  AUC-ROC: 0.4944
  F1-Micro: 0.0000
  F1-Macro: 0.0000
======================================================================


Evaluation complete for cnn_bilstm_attention!
  Hamming Loss: 0.0370
  AUC-ROC: 0.8088
  F1-Micro: 0.3665
  F1-Macro: 0.2535
======================================================================


Evaluation complete for bilstm_attention!
  Hamming Loss: 0.0373
  AUC-ROC: 0.8275
  F1-Micro: 0.3145
  F1-Macro: 0.1546
======================================================================


======================================================================
Evaluating BERT model on test data...
======================================================================
Loading pre-calculated BERT metrics from bert.txt...

BERT evaluation loaded from file!
  Hamming Loss: 0.0304
  AUC-ROC: 0.9274
  F1-Micro: 0.5519
  F1-Macro: 0.4477
======================================================================


======================================================================
Evaluating CNN_BILSTM_ATTENTION model on test data...
======================================================================
Loaded test data: 5427 samples
Preprocessing data (for_bert=False)...
Preprocessed X_test shape: (5427, 70)
Running predictions with cnn_bilstm_attention...

[1m  1/170[0m [37m====================[0m [1m16s[0m 99ms/step
[1m  2/170[0m [37m====================[0m [1m16s[0m 98ms/step
[1m  3/170[0m [37m====================[0m [1m21s[0m 127ms/step
[1m  4/170[0m [37m====================[0m [1m19s[0m 119ms/step
[1m  5/170[0m [37m====================[0m [1m17s[0m 104ms/step
[1m  6/170[0m [37m====================[0m [1m16s[0m 98ms/step 
[1m  8/170[0m [37m====================[0m [1m14s[0m 92ms/step
[1m  9/170[0m [32m=[0m[37m===================[0m [1m17s[0m 107ms/step
[1m 10/170[0m [32m=[0m[37m===================[0m [1m17s[0m 112ms/step
[1m 11/170[0m [32m=[0m[37m===================[0m [1m17s[0m 109ms/step
[1m 12/170[0m [32m=[0m[37m===================[0m [1m17s[0m 112ms/step
[1m 13/170[0m [32m=[0m[37m===================[0m [1m17s[0m 110ms/step
[1m 14/170[0m [32m=[0m[37m===================[0m [1m17s[0m 114ms/step
[1m 15/170[0m [32m=[0m[37m===================[0m [1m17s[0m 115ms/step
[1m 16/170[0m [32m=[0m[37m===================[0m [1m18s[0m 118ms/step
[1m 17/170[0m [32m==[0m[37m==================[0m [1m18s[0m 124ms/step
[1m 18/170[0m [32m==[0m[37m==================[0m [1m19s[0m 130ms/step
[1m 19/170[0m [32m==[0m[37m==================[0m [1m19s[0m 131ms/step
[1m 20/170[0m [32m==[0m[37m==================[0m [1m20s[0m 139ms/step
[1m 21/170[0m [32m==[0m[37m==================[0m [1m20s[0m 138ms/step
[1m 22/170[0m [32m==[0m[37m==================[0m [1m20s[0m 138ms/step
[1m 23/170[0m [32m==[0m[37m==================[0m [1m19s[0m 136ms/step
[1m 24/170[0m [32m==[0m[37m==================[0m [1m19s[0m 133ms/step
[1m 25/170[0m [32m==[0m[37m==================[0m [1m19s[0m 132ms/step
[1m 26/170[0m [32m===[0m[37m=================[0m [1m18s[0m 132ms/step
[1m 27/170[0m [32m===[0m[37m=================[0m [1m18s[0m 130ms/step
[1m 28/170[0m [32m===[0m[37m=================[0m [1m18s[0m 127ms/step
[1m 29/170[0m [32m===[0m[37m=================[0m [1m18s[0m 128ms/step
[1m 30/170[0m [32m===[0m[37m=================[0m [1m17s[0m 128ms/step
[1m 32/170[0m [32m===[0m[37m=================[0m [1m17s[0m 124ms/step
[1m 34/170[0m [32m====[0m[37m================[0m [1m16s[0m 122ms/step
[1m 36/170[0m [32m====[0m[37m================[0m [1m15s[0m 119ms/step
[1m 37/170[0m [32m====[0m[37m================[0m [1m15s[0m 119ms/step
[1m 39/170[0m [32m====[0m[37m================[0m [1m15s[0m 117ms/step
[1m 40/170[0m [32m====[0m[37m================[0m [1m14s[0m 115ms/step
[1m 42/170[0m [32m====[0m[37m================[0m [1m14s[0m 113ms/step
[1m 43/170[0m [32m=====[0m[37m===============[0m [1m14s[0m 112ms/step
[1m 44/170[0m [32m=====[0m[37m===============[0m [1m13s[0m 111ms/step
[1m 46/170[0m [32m=====[0m[37m===============[0m [1m13s[0m 108ms/step
[1m 48/170[0m [32m=====[0m[37m===============[0m [1m12s[0m 106ms/step
[1m 50/170[0m [32m=====[0m[37m===============[0m [1m12s[0m 103ms/step
[1m 52/170[0m [32m======[0m[37m==============[0m [1m11s[0m 100ms/step
[1m 53/170[0m [32m======[0m[37m==============[0m [1m11s[0m 100ms/step
[1m 54/170[0m [32m======[0m[37m==============[0m [1m11s[0m 99ms/step 
[1m 56/170[0m [32m======[0m[37m==============[0m [1m11s[0m 97ms/step
[1m 57/170[0m [32m======[0m[37m==============[0m [1m10s[0m 97ms/step
[1m 58/170[0m [32m======[0m[37m==============[0m [1m10s[0m 97ms/step
[1m 59/170[0m [32m======[0m[37m==============[0m [1m10s[0m 96ms/step
[1m 60/170[0m [32m=======[0m[37m=============[0m [1m10s[0m 96ms/step
[1m 62/170[0m [32m=======[0m[37m=============[0m [1m10s[0m 95ms/step
[1m 63/170[0m [32m=======[0m[37m=============[0m [1m10s[0m 94ms/step
[1m 64/170[0m [32m=======[0m[37m=============[0m [1m9s[0m 94ms/step 
[1m 65/170[0m [32m=======[0m[37m=============[0m [1m9s[0m 94ms/step
[1m 67/170[0m [32m=======[0m[37m=============[0m [1m9s[0m 93ms/step
[1m 68/170[0m [32m========[0m[37m============[0m [1m9s[0m 94ms/step
[1m 70/170[0m [32m========[0m[37m============[0m [1m9s[0m 93ms/step
[1m 72/170[0m [32m========[0m[37m============[0m [1m8s[0m 92ms/step
[1m 73/170[0m [32m========[0m[37m============[0m [1m8s[0m 92ms/step
[1m 75/170[0m [32m========[0m[37m============[0m [1m8s[0m 91ms/step
[1m 76/170[0m [32m========[0m[37m============[0m [1m8s[0m 91ms/step
[1m 78/170[0m [32m=========[0m[37m===========[0m [1m8s[0m 92ms/step
[1m 79/170[0m [32m=========[0m[37m===========[0m [1m8s[0m 92ms/step
[1m 80/170[0m [32m=========[0m[37m===========[0m [1m8s[0m 92ms/step
[1m 82/170[0m [32m=========[0m[37m===========[0m [1m8s[0m 92ms/step
[1m 84/170[0m [32m=========[0m[37m===========[0m [1m7s[0m 91ms/step
[1m 86/170[0m [32m==========[0m[37m==========[0m [1m7s[0m 90ms/step
[1m 87/170[0m [32m==========[0m[37m==========[0m [1m7s[0m 91ms/step
[1m 88/170[0m [32m==========[0m[37m==========[0m [1m7s[0m 91ms/step
[1m 89/170[0m [32m==========[0m[37m==========[0m [1m7s[0m 91ms/step
[1m 90/170[0m [32m==========[0m[37m==========[0m [1m7s[0m 92ms/step
[1m 91/170[0m [32m==========[0m[37m==========[0m [1m7s[0m 92ms/step
[1m 92/170[0m [32m==========[0m[37m==========[0m [1m7s[0m 92ms/step
[1m 93/170[0m [32m==========[0m[37m==========[0m [1m7s[0m 92ms/step
[1m 94/170[0m [32m===========[0m[37m=========[0m [1m6s[0m 92ms/step
[1m 95/170[0m [32m===========[0m[37m=========[0m [1m6s[0m 92ms/step
[1m 96/170[0m [32m===========[0m[37m=========[0m [1m6s[0m 92ms/step
[1m 97/170[0m [32m===========[0m[37m=========[0m [1m6s[0m 92ms/step
[1m 99/170[0m [32m===========[0m[37m=========[0m [1m6s[0m 91ms/step
[1m101/170[0m [32m===========[0m[37m=========[0m [1m6s[0m 91ms/step
[1m102/170[0m [32m============[0m[37m========[0m [1m6s[0m 91ms/step
[1m103/170[0m [32m============[0m[37m========[0m [1m6s[0m 91ms/step
[1m105/170[0m [32m============[0m[37m========[0m [1m5s[0m 91ms/step
[1m107/170[0m [32m============[0m[37m========[0m [1m5s[0m 90ms/step
[1m108/170[0m [32m============[0m[37m========[0m [1m5s[0m 90ms/step
[1m109/170[0m [32m============[0m[37m========[0m [1m5s[0m 90ms/step
[1m110/170[0m [32m============[0m[37m========[0m [1m5s[0m 89ms/step
[1m112/170[0m [32m=============[0m[37m=======[0m [1m5s[0m 89ms/step
[1m113/170[0m [32m=============[0m[37m=======[0m [1m5s[0m 89ms/step
[1m114/170[0m [32m=============[0m[37m=======[0m [1m4s[0m 89ms/step
[1m116/170[0m [32m=============[0m[37m=======[0m [1m4s[0m 89ms/step
[1m117/170[0m [32m=============[0m[37m=======[0m [1m4s[0m 88ms/step
[1m118/170[0m [32m=============[0m[37m=======[0m [1m4s[0m 88ms/step
[1m120/170[0m [32m==============[0m[37m======[0m [1m4s[0m 88ms/step
[1m122/170[0m [32m==============[0m[37m======[0m [1m4s[0m 87ms/step
[1m123/170[0m [32m==============[0m[37m======[0m [1m4s[0m 87ms/step
[1m125/170[0m [32m==============[0m[37m======[0m [1m3s[0m 87ms/step
[1m127/170[0m [32m==============[0m[37m======[0m [1m3s[0m 86ms/step
[1m128/170[0m [32m===============[0m[37m=====[0m [1m3s[0m 86ms/step
[1m129/170[0m [32m===============[0m[37m=====[0m [1m3s[0m 86ms/step
[1m130/170[0m [32m===============[0m[37m=====[0m [1m3s[0m 86ms/step
[1m131/170[0m [32m===============[0m[37m=====[0m [1m3s[0m 86ms/step
[1m133/170[0m [32m===============[0m[37m=====[0m [1m3s[0m 86ms/step
[1m134/170[0m [32m===============[0m[37m=====[0m [1m3s[0m 86ms/step
[1m135/170[0m [32m===============[0m[37m=====[0m [1m3s[0m 86ms/step
[1m136/170[0m [32m================[0m[37m====[0m [1m2s[0m 86ms/step
[1m138/170[0m [32m================[0m[37m====[0m [1m2s[0m 86ms/step
[1m140/170[0m [32m================[0m[37m====[0m [1m2s[0m 86ms/step
[1m141/170[0m [32m================[0m[37m====[0m [1m2s[0m 86ms/step
[1m142/170[0m [32m================[0m[37m====[0m [1m2s[0m 85ms/step
[1m143/170[0m [32m================[0m[37m====[0m [1m2s[0m 85ms/step
[1m144/170[0m [32m================[0m[37m====[0m [1m2s[0m 86ms/step
[1m145/170[0m [32m=================[0m[37m===[0m [1m2s[0m 86ms/step
[1m146/170[0m [32m=================[0m[37m===[0m [1m2s[0m 86ms/step
[1m148/170[0m [32m=================[0m[37m===[0m [1m1s[0m 85ms/step
[1m150/170[0m [32m=================[0m[37m===[0m [1m1s[0m 85ms/step
[1m151/170[0m [32m=================[0m[37m===[0m [1m1s[0m 85ms/step
[1m152/170[0m [32m=================[0m[37m===[0m [1m1s[0m 85ms/step
[1m154/170[0m [32m==================[0m[37m==[0m [1m1s[0m 85ms/step
[1m155/170[0m [32m==================[0m[37m==[0m [1m1s[0m 85ms/step
[1m156/170[0m [32m==================[0m[37m==[0m [1m1s[0m 85ms/step
[1m157/170[0m [32m==================[0m[37m==[0m [1m1s[0m 85ms/step
[1m158/170[0m [32m==================[0m[37m==[0m [1m1s[0m 85ms/step
[1m160/170[0m [32m==================[0m[37m==[0m [1m0s[0m 85ms/step
[1m161/170[0m [32m==================[0m[37m==[0m [1m0s[0m 85ms/step
[1m162/170[0m [32m===================[0m[37m=[0m [1m0s[0m 85ms/step
[1m163/170[0m [32m===================[0m[37m=[0m [1m0s[0m 85ms/step
[1m164/170[0m [32m===================[0m[37m=[0m [1m0s[0m 85ms/step
[1m165/170[0m [32m===================[0m[37m=[0m [1m0s[0m 86ms/step
[1m166/170[0m [32m===================[0m[37m=[0m [1m0s[0m 85ms/step
[1m167/170[0m [32m===================[0m[37m=[0m [1m0s[0m 86ms/step
[1m168/170[0m [32m===================[0m[37m=[0m [1m0s[0m 86ms/step
[1m169/170[0m [32m===================[0m[37m=[0m [1m0s[0m 86ms/step
[1m170/170[0m [32m====================[0m[37m[0m [1m15s[0m 86ms/step
INFO:werkzeug:127.0.0.1 - - [16/Dec/2025 15:43:34] "POST /api/evaluate-model/cnn_bilstm_attention HTTP/1.1" 200 -
INFO:werkzeug:127.0.0.1 - - [16/Dec/2025 15:43:44] "POST /api/evaluate-model/bert HTTP/1.1" 200 -
INFO:werkzeug:127.0.0.1 - - [16/Dec/2025 15:43:49] "GET / HTTP/1.1" 200 -
INFO:werkzeug:127.0.0.1 - - [16/Dec/2025 15:43:54] "GET /model-performance HTTP/1.1" 200 -
INFO:werkzeug:127.0.0.1 - - [16/Dec/2025 15:43:56] "GET /predict HTTP/1.1" 200 -
INFO:werkzeug:127.0.0.1 - - [16/Dec/2025 15:44:00] "GET /compare HTTP/1.1" 200 -
C:\Users\yosrb\Downloads\GOEMOTION\venv\Lib\site-packages\sklearn\metrics\_classification.py:1833: UndefinedMetricWarning: F-score is ill-defined and being set to 0.0 in labels with no true nor predicted samples. Use `zero_division` parameter to control this behavior.
  _warn_prf(average, modifier, f"{metric.capitalize()} is", result.shape[0])
C:\Users\yosrb\Downloads\GOEMOTION\venv\Lib\site-packages\sklearn\metrics\_ranking.py:442: UndefinedMetricWarning: Only one class is present in y_true. ROC AUC score is not defined in that case.
  warnings.warn(
C:\Users\yosrb\Downloads\GOEMOTION\venv\Lib\site-packages\sklearn\metrics\_ranking.py:442: UndefinedMetricWarning: Only one class is present in y_true. ROC AUC score is not defined in that case.
  warnings.warn(
C:\Users\yosrb\Downloads\GOEMOTION\venv\Lib\site-packages\sklearn\metrics\_ranking.py:442: UndefinedMetricWarning: Only one class is present in y_true. ROC AUC score is not defined in that case.
  warnings.warn(
C:\Users\yosrb\Downloads\GOEMOTION\venv\Lib\site-packages\sklearn\metrics\_ranking.py:442: UndefinedMetricWarning: Only one class is present in y_true. ROC AUC score is not defined in that case.
  warnings.warn(
C:\Users\yosrb\Downloads\GOEMOTION\venv\Lib\site-packages\sklearn\metrics\_classification.py:1833: UndefinedMetricWarning: F-score is ill-defined and being set to 0.0 in labels with no true nor predicted samples. Use `zero_division` parameter to control this behavior.
  _warn_prf(average, modifier, f"{metric.capitalize()} is", result.shape[0])
C:\Users\yosrb\Downloads\GOEMOTION\venv\Lib\site-packages\sklearn\metrics\_ranking.py:442: UndefinedMetricWarning: Only one class is present in y_true. ROC AUC score is not defined in that case.
  warnings.warn(
C:\Users\yosrb\Downloads\GOEMOTION\venv\Lib\site-packages\sklearn\metrics\_ranking.py:442: UndefinedMetricWarning: Only one class is present in y_true. ROC AUC score is not defined in that case.
  warnings.warn(
C:\Users\yosrb\Downloads\GOEMOTION\venv\Lib\site-packages\sklearn\metrics\_ranking.py:442: UndefinedMetricWarning: Only one class is present in y_true. ROC AUC score is not defined in that case.
  warnings.warn(
C:\Users\yosrb\Downloads\GOEMOTION\venv\Lib\site-packages\sklearn\metrics\_ranking.py:442: UndefinedMetricWarning: Only one class is present in y_true. ROC AUC score is not defined in that case.
  warnings.warn(
C:\Users\yosrb\Downloads\GOEMOTION\venv\Lib\site-packages\sklearn\metrics\_classification.py:1833: UndefinedMetricWarning: F-score is ill-defined and being set to 0.0 in labels with no true nor predicted samples. Use `zero_division` parameter to control this behavior.
  _warn_prf(average, modifier, f"{metric.capitalize()} is", result.shape[0])
C:\Users\yosrb\Downloads\GOEMOTION\venv\Lib\site-packages\sklearn\metrics\_ranking.py:442: UndefinedMetricWarning: Only one class is present in y_true. ROC AUC score is not defined in that case.
  warnings.warn(
C:\Users\yosrb\Downloads\GOEMOTION\venv\Lib\site-packages\sklearn\metrics\_ranking.py:442: UndefinedMetricWarning: Only one class is present in y_true. ROC AUC score is not defined in that case.
  warnings.warn(
C:\Users\yosrb\Downloads\GOEMOTION\venv\Lib\site-packages\sklearn\metrics\_ranking.py:442: UndefinedMetricWarning: Only one class is present in y_true. ROC AUC score is not defined in that case.
  warnings.warn(
C:\Users\yosrb\Downloads\GOEMOTION\venv\Lib\site-packages\sklearn\metrics\_ranking.py:442: UndefinedMetricWarning: Only one class is present in y_true. ROC AUC score is not defined in that case.
  warnings.warn(
INFO:werkzeug:127.0.0.1 - - [16/Dec/2025 15:44:30] "GET /predict HTTP/1.1" 200 -
C:\Users\yosrb\Downloads\GOEMOTION\venv\Lib\site-packages\sklearn\metrics\_classification.py:1833: UndefinedMetricWarning: F-score is ill-defined and being set to 0.0 in labels with no true nor predicted samples. Use `zero_division` parameter to control this behavior.
  _warn_prf(average, modifier, f"{metric.capitalize()} is", result.shape[0])
C:\Users\yosrb\Downloads\GOEMOTION\venv\Lib\site-packages\sklearn\metrics\_ranking.py:442: UndefinedMetricWarning: Only one class is present in y_true. ROC AUC score is not defined in that case.
  warnings.warn(
C:\Users\yosrb\Downloads\GOEMOTION\venv\Lib\site-packages\sklearn\metrics\_ranking.py:442: UndefinedMetricWarning: Only one class is present in y_true. ROC AUC score is not defined in that case.
  warnings.warn(
C:\Users\yosrb\Downloads\GOEMOTION\venv\Lib\site-packages\sklearn\metrics\_ranking.py:442: UndefinedMetricWarning: Only one class is present in y_true. ROC AUC score is not defined in that case.
  warnings.warn(
C:\Users\yosrb\Downloads\GOEMOTION\venv\Lib\site-packages\sklearn\metrics\_ranking.py:442: UndefinedMetricWarning: Only one class is present in y_true. ROC AUC score is not defined in that case.
  warnings.warn(
INFO:werkzeug:127.0.0.1 - - [16/Dec/2025 15:45:56] "POST /api/compare-models HTTP/1.1" 200 -
INFO:werkzeug:127.0.0.1 - - [16/Dec/2025 15:52:43] "POST /api/predict HTTP/1.1" 200 -
INFO:werkzeug:127.0.0.1 - - [16/Dec/2025 15:52:57] "GET /compare HTTP/1.1" 200 -
INFO:werkzeug:127.0.0.1 - - [16/Dec/2025 15:52:59] "GET /predict HTTP/1.1" 200 -
INFO:werkzeug:127.0.0.1 - - [16/Dec/2025 15:53:01] "GET /model-performance HTTP/1.1" 200 -
INFO:werkzeug:127.0.0.1 - - [16/Dec/2025 15:53:03] "GET /data-visualization HTTP/1.1" 200 -
INFO:werkzeug: * Detected change in 'c:\\Users\\yosrb\\Downloads\\GOEMOTION\\app.py', reloading
Predictions complete! Shape: (5427, 28)

Evaluation complete for cnn_bilstm_attention!
  Hamming Loss: 0.0370
  AUC-ROC: 0.8088
  F1-Micro: 0.3665
  F1-Macro: 0.2535
======================================================================


======================================================================
Evaluating BERT model on test data...
======================================================================
Loading pre-calculated BERT metrics from bert.txt...

BERT evaluation loaded from file!
  Hamming Loss: 0.0304
  AUC-ROC: 0.9274
  F1-Micro: 0.5519
  F1-Macro: 0.4477
======================================================================

Exception in thread Thread-1 (serve_forever):
INFO:werkzeug: * Restarting with stat
2025-12-16 15:58:45.087882: I tensorflow/core/util/port.cc:153] oneDNN custom operations are on. You may see slightly different numerical results due to floating-point round-off errors from different computation orders. To turn them off, set the environment variable `TF_ENABLE_ONEDNN_OPTS=0`.
2025-12-16 15:59:28.733383: I tensorflow/core/util/port.cc:153] oneDNN custom operations are on. You may see slightly different numerical results due to floating-point round-off errors from different computation orders. To turn them off, set the environment variable `TF_ENABLE_ONEDNN_OPTS=0`.
2025-12-16 16:00:22.318926: I tensorflow/core/platform/cpu_feature_guard.cc:210] This TensorFlow binary is optimized to use available CPU instructions in performance-critical operations.
To enable the following instructions: SSE3 SSE4.1 SSE4.2 AVX AVX2 AVX_VNNI FMA, in other operations, rebuild TensorFlow with the appropriate compiler flags.
WARNING:absl:Compiled the loaded model, but the compiled metrics have yet to be built. `model.compile_metrics` will be empty until you train or evaluate the model.
WARNING:tensorflow:From C:\Users\yosrb\Downloads\GOEMOTION\venv\Lib\site-packages\keras\src\backend\tensorflow\core.py:232: The name tf.placeholder is deprecated. Please use tf.compat.v1.placeholder instead.

WARNING:tensorflow:From C:\Users\yosrb\Downloads\GOEMOTION\venv\Lib\site-packages\keras\src\backend\tensorflow\core.py:232: The name tf.placeholder is deprecated. Please use tf.compat.v1.placeholder instead.

WARNING:werkzeug: * Debugger is active!
INFO:werkzeug: * Debugger PIN: 139-024-183
INFO:werkzeug:127.0.0.1 - - [16/Dec/2025 16:13:43] "GET /data-visualization HTTP/1.1" 200 -
INFO:werkzeug:127.0.0.1 - - [16/Dec/2025 16:14:02] "GET /data-visualization HTTP/1.1" 200 -
INFO:werkzeug:127.0.0.1 - - [16/Dec/2025 16:14:09] "GET /predict HTTP/1.1" 200 -
INFO:werkzeug:127.0.0.1 - - [16/Dec/2025 16:14:22] "POST /api/predict HTTP/1.1" 200 -
INFO:werkzeug:127.0.0.1 - - [16/Dec/2025 16:21:34] "POST /api/predict HTTP/1.1" 200 -
